2026-06-03 12:32:25.862 +05:30 [WRN] Sensitive data logging is enabled. Log entries and exception messages may include sensitive application data; this mode should only be enabled during development. {"EventId":{"Id":10400,"Name":"Microsoft.EntityFrameworkCore.Infrastructure.SensitiveDataLoggingEnabledWarning"},"SourceContext":"Microsoft.EntityFrameworkCore.Model.Validation"}
2026-06-03 12:32:26.221 +05:30 [INF] Hospital Management API starting on  {}
2026-06-03 12:32:26.255 +05:30 [INF] Now listening on: http://localhost:5090 {"EventId":{"Id":14,"Name":"ListeningOnAddress"},"SourceContext":"Microsoft.Hosting.Lifetime"}
2026-06-03 12:32:26.256 +05:30 [INF] Application started. Press Ctrl+C to shut down. {"SourceContext":"Microsoft.Hosting.Lifetime"}
2026-06-03 12:32:26.256 +05:30 [INF] Hosting environment: Development {"SourceContext":"Microsoft.Hosting.Lifetime"}
2026-06-03 12:32:26.256 +05:30 [INF] Content root path: /Users/preetamtonyj/Documents/Capstone Project/HospitalManagement.API {"SourceContext":"Microsoft.Hosting.Lifetime"}
2026-06-03 15:25:11.380 +05:30 [INF] Application is shutting down... {"SourceContext":"Microsoft.Hosting.Lifetime"}
Exception: The host was aborted.
   at Microsoft.Extensions.Hosting.HostFactoryResolver.HostingListener.ThrowHostAborted()
   at Microsoft.Extensions.Hosting.HostFactoryResolver.HostingListener.OnNext(KeyValuePair`2 value)
   at System.Diagnostics.DiagnosticListener.Write(String name, Object value)
   at Microsoft.Extensions.Hosting.HostBuilder.ResolveHost(IServiceProvider serviceProvider, DiagnosticListener diagnosticListener)
   at Microsoft.Extensions.Hosting.HostApplicationBuilder.Build()
   at Microsoft.AspNetCore.Builder.WebApplicationBuilder.Build()
   at Program.<Main>$(String[] args) in /Users/preetamtonyj/Documents/Capstone Project/HospitalManagement.API/Program.cs:line 142
2026-06-03 15:08:39.630 +05:30 [FTL] Application terminated unexpectedly {}
Microsoft.Extensions.Hosting.HostAbortedException: The host was aborted.
   at Microsoft.Extensions.Hosting.HostFactoryResolver.HostingListener.ThrowHostAborted()
   at Microsoft.Extensions.Hosting.HostFactoryResolver.HostingListener.OnNext(KeyValuePair`2 value)
   at System.Diagnostics.DiagnosticListener.Write(String name, Object value)
   at Microsoft.Extensions.Hosting.HostBuilder.ResolveHost(IServiceProvider serviceProvider, DiagnosticListener diagnosticListener)
   at Microsoft.Extensions.Hosting.HostApplicationBuilder.Build()
   at Microsoft.AspNetCore.Builder.WebApplicationBuilder.Build()
   at Program.<Main>$(String[] args) in /Users/preetamtonyj/Documents/Capstone Project/HospitalManagement.API/Program.cs:line 146
2026-06-03 15:08:53.589 +05:30 [FTL] Application terminated unexpectedly {}
Microsoft.Extensions.Hosting.HostAbortedException: The host was aborted.
   at Microsoft.Extensions.Hosting.HostFactoryResolver.HostingListener.ThrowHostAborted()
   at Microsoft.Extensions.Hosting.HostFactoryResolver.HostingListener.OnNext(KeyValuePair`2 value)
   at System.Diagnostics.DiagnosticListener.Write(String name, Object value)
   at Microsoft.Extensions.Hosting.HostBuilder.ResolveHost(IServiceProvider serviceProvider, DiagnosticListener diagnosticListener)
   at Microsoft.Extensions.Hosting.HostApplicationBuilder.Build()
   at Microsoft.AspNetCore.Builder.WebApplicationBuilder.Build()
   at Program.<Main>$(String[] args) in /Users/preetamtonyj/Documents/Capstone Project/HospitalManagement.API/Program.cs:line 146
2026-06-03 15:25:06.814 +05:30 [FTL] Application terminated unexpectedly {}
System.AggregateException: Some services are not able to be constructed (Error while validating the service descriptor 'ServiceType: HospitalManagement.BusinessLogic.Services.Interfaces.IVisitService Lifetime: Scoped ImplementationType: HospitalManagement.BusinessLogic.Services.VisitService': Unable to resolve service for type 'HospitalManagement.BusinessLogic.Services.Interfaces.IQueueService' while attempting to activate 'HospitalManagement.BusinessLogic.Services.VisitService'.) (Error while validating the service descriptor 'ServiceType: HospitalManagement.BusinessLogic.Services.IAppointmentService Lifetime: Scoped ImplementationType: HospitalManagement.BusinessLogic.Services.AppointmentService': Unable to resolve service for type 'HospitalManagement.BusinessLogic.Services.Interfaces.IScheduleService' while attempting to activate 'HospitalManagement.BusinessLogic.Services.AppointmentService'.)
 ---> System.InvalidOperationException: Error while validating the service descriptor 'ServiceType: HospitalManagement.BusinessLogic.Services.Interfaces.IVisitService Lifetime: Scoped ImplementationType: HospitalManagement.BusinessLogic.Services.VisitService': Unable to resolve service for type 'HospitalManagement.BusinessLogic.Services.Interfaces.IQueueService' while attempting to activate 'HospitalManagement.BusinessLogic.Services.VisitService'.
 ---> System.InvalidOperationException: Unable to resolve service for type 'HospitalManagement.BusinessLogic.Services.Interfaces.IQueueService' while attempting to activate 'HospitalManagement.BusinessLogic.Services.VisitService'.
   at Microsoft.Extensions.DependencyInjection.ServiceLookup.CallSiteFactory.CreateArgumentCallSites(ServiceIdentifier serviceIdentifier, Type implementationType, CallSiteChain callSiteChain, ParameterInfo[] parameters, Boolean throwIfCallSiteNotFound)
   at Microsoft.Extensions.DependencyInjection.ServiceLookup.CallSiteFactory.CreateConstructorCallSite(ResultCache lifetime, ServiceIdentifier serviceIdentifier, Type implementationType, CallSiteChain callSiteChain)
   at Microsoft.Extensions.DependencyInjection.ServiceLookup.CallSiteFactory.TryCreateExact(ServiceDescriptor descriptor, ServiceIdentifier serviceIdentifier, CallSiteChain callSiteChain, Int32 slot)
   at Microsoft.Extensions.DependencyInjection.ServiceLookup.CallSiteFactory.GetCallSite(ServiceDescriptor serviceDescriptor, CallSiteChain callSiteChain)
   at Microsoft.Extensions.DependencyInjection.ServiceProvider.ValidateService(ServiceDescriptor descriptor)
   --- End of inner exception stack trace ---
   at Microsoft.Extensions.DependencyInjection.ServiceProvider.ValidateService(ServiceDescriptor descriptor)
   at Microsoft.Extensions.DependencyInjection.ServiceProvider..ctor(ICollection`1 serviceDescriptors, ServiceProviderOptions options)
   --- End of inner exception stack trace ---
   at Microsoft.Extensions.DependencyInjection.ServiceProvider..ctor(ICollection`1 serviceDescriptors, ServiceProviderOptions options)
   at Microsoft.Extensions.DependencyInjection.ServiceCollectionContainerBuilderExtensions.BuildServiceProvider(IServiceCollection services, ServiceProviderOptions options)
   at Microsoft.Extensions.Hosting.HostApplicationBuilder.Build()
   at Microsoft.AspNetCore.Builder.WebApplicationBuilder.Build()
   at Program.<Main>$(String[] args) in /Users/preetamtonyj/Documents/Capstone Project/HospitalManagement.API/Program.cs:line 146
 ---> (Inner Exception #1) System.InvalidOperationException: Error while validating the service descriptor 'ServiceType: HospitalManagement.BusinessLogic.Services.IAppointmentService Lifetime: Scoped ImplementationType: HospitalManagement.BusinessLogic.Services.AppointmentService': Unable to resolve service for type 'HospitalManagement.BusinessLogic.Services.Interfaces.IScheduleService' while attempting to activate 'HospitalManagement.BusinessLogic.Services.AppointmentService'.
 ---> System.InvalidOperationException: Unable to resolve service for type 'HospitalManagement.BusinessLogic.Services.Interfaces.IScheduleService' while attempting to activate 'HospitalManagement.BusinessLogic.Services.AppointmentService'.
   at Microsoft.Extensions.DependencyInjection.ServiceLookup.CallSiteFactory.CreateArgumentCallSites(ServiceIdentifier serviceIdentifier, Type implementationType, CallSiteChain callSiteChain, ParameterInfo[] parameters, Boolean throwIfCallSiteNotFound)
   at Microsoft.Extensions.DependencyInjection.ServiceLookup.CallSiteFactory.CreateConstructorCallSite(ResultCache lifetime, ServiceIdentifier serviceIdentifier, Type implementationType, CallSiteChain callSiteChain)
   at Microsoft.Extensions.DependencyInjection.ServiceLookup.CallSiteFactory.TryCreateExact(ServiceDescriptor descriptor, ServiceIdentifier serviceIdentifier, CallSiteChain callSiteChain, Int32 slot)
   at Microsoft.Extensions.DependencyInjection.ServiceLookup.CallSiteFactory.GetCallSite(ServiceDescriptor serviceDescriptor, CallSiteChain callSiteChain)
   at Microsoft.Extensions.DependencyInjection.ServiceProvider.ValidateService(ServiceDescriptor descriptor)
   --- End of inner exception stack trace ---
   at Microsoft.Extensions.DependencyInjection.ServiceProvider.ValidateService(ServiceDescriptor descriptor)
   at Microsoft.Extensions.DependencyInjection.ServiceProvider..ctor(ICollection`1 serviceDescriptors, ServiceProviderOptions options)<---

2026-06-03 15:25:33.663 +05:30 [FTL] Application terminated unexpectedly {}
Microsoft.Extensions.Hosting.HostAbortedException: The host was aborted.
   at Microsoft.Extensions.Hosting.HostFactoryResolver.HostingListener.ThrowHostAborted()
   at Microsoft.Extensions.Hosting.HostFactoryResolver.HostingListener.OnNext(KeyValuePair`2 value)
   at System.Diagnostics.DiagnosticListener.Write(String name, Object value)
   at Microsoft.Extensions.Hosting.HostBuilder.ResolveHost(IServiceProvider serviceProvider, DiagnosticListener diagnosticListener)
   at Microsoft.Extensions.Hosting.HostApplicationBuilder.Build()
   at Microsoft.AspNetCore.Builder.WebApplicationBuilder.Build()
   at Program.<Main>$(String[] args) in /Users/preetamtonyj/Documents/Capstone Project/HospitalManagement.API/Program.cs:line 148
2026-06-03 15:25:48.923 +05:30 [FTL] Application terminated unexpectedly {}
Microsoft.Extensions.Hosting.HostAbortedException: The host was aborted.
   at Microsoft.Extensions.Hosting.HostFactoryResolver.HostingListener.ThrowHostAborted()
   at Microsoft.Extensions.Hosting.HostFactoryResolver.HostingListener.OnNext(KeyValuePair`2 value)
   at System.Diagnostics.DiagnosticListener.Write(String name, Object value)
   at Microsoft.Extensions.Hosting.HostBuilder.ResolveHost(IServiceProvider serviceProvider, DiagnosticListener diagnosticListener)
   at Microsoft.Extensions.Hosting.HostApplicationBuilder.Build()
   at Microsoft.AspNetCore.Builder.WebApplicationBuilder.Build()
   at Program.<Main>$(String[] args) in /Users/preetamtonyj/Documents/Capstone Project/HospitalManagement.API/Program.cs:line 148
2026-06-03 15:49:49.073 +05:30 [FTL] Application terminated unexpectedly {}
Microsoft.Extensions.Hosting.HostAbortedException: The host was aborted.
   at Microsoft.Extensions.Hosting.HostFactoryResolver.HostingListener.ThrowHostAborted()
   at Microsoft.Extensions.Hosting.HostFactoryResolver.HostingListener.OnNext(KeyValuePair`2 value)
   at System.Diagnostics.DiagnosticListener.Write(String name, Object value)
   at Microsoft.Extensions.Hosting.HostBuilder.ResolveHost(IServiceProvider serviceProvider, DiagnosticListener diagnosticListener)
   at Microsoft.Extensions.Hosting.HostApplicationBuilder.Build()
   at Microsoft.AspNetCore.Builder.WebApplicationBuilder.Build()
   at Program.<Main>$(String[] args) in /Users/preetamtonyj/Documents/Capstone Project/HospitalManagement.API/Program.cs:line 151
2026-06-03 15:50:12.717 +05:30 [FTL] Application terminated unexpectedly {}
Microsoft.Extensions.Hosting.HostAbortedException: The host was aborted.
   at Microsoft.Extensions.Hosting.HostFactoryResolver.HostingListener.ThrowHostAborted()
   at Microsoft.Extensions.Hosting.HostFactoryResolver.HostingListener.OnNext(KeyValuePair`2 value)
   at System.Diagnostics.DiagnosticListener.Write(String name, Object value)
   at Microsoft.Extensions.Hosting.HostBuilder.ResolveHost(IServiceProvider serviceProvider, DiagnosticListener diagnosticListener)
   at Microsoft.Extensions.Hosting.HostApplicationBuilder.Build()
   at Microsoft.AspNetCore.Builder.WebApplicationBuilder.Build()
   at Program.<Main>$(String[] args) in /Users/preetamtonyj/Documents/Capstone Project/HospitalManagement.API/Program.cs:line 151
2026-06-03 16:38:24.729 +05:30 [WRN] Redis connection string not found. Falling back to In-Memory Distributed Cache. {}
2026-06-03 16:38:24.806 +05:30 [FTL] Application terminated unexpectedly {}
Microsoft.Extensions.Hosting.HostAbortedException: The host was aborted.
   at Microsoft.Extensions.Hosting.HostFactoryResolver.HostingListener.ThrowHostAborted()
   at Microsoft.Extensions.Hosting.HostFactoryResolver.HostingListener.OnNext(KeyValuePair`2 value)
   at System.Diagnostics.DiagnosticListener.Write(String name, Object value)
   at System.Diagnostics.DiagnosticSource.Write[T](String name, T value)
   at Microsoft.Extensions.Hosting.HostBuilder.ResolveHost(IServiceProvider serviceProvider, DiagnosticListener diagnosticListener)
   at Microsoft.Extensions.Hosting.HostApplicationBuilder.Build()
   at Microsoft.AspNetCore.Builder.WebApplicationBuilder.Build()
   at Program.<Main>$(String[] args) in /Users/preetamtonyj/Documents/Capstone Project/HospitalManagement.API/Program.cs:line 172
2026-06-03 16:38:38.142 +05:30 [WRN] Redis connection string not found. Falling back to In-Memory Distributed Cache. {}
2026-06-03 16:38:38.221 +05:30 [FTL] Application terminated unexpectedly {}
Microsoft.Extensions.Hosting.HostAbortedException: The host was aborted.
   at Microsoft.Extensions.Hosting.HostFactoryResolver.HostingListener.ThrowHostAborted()
   at Microsoft.Extensions.Hosting.HostFactoryResolver.HostingListener.OnNext(KeyValuePair`2 value)
   at System.Diagnostics.DiagnosticListener.Write(String name, Object value)
   at System.Diagnostics.DiagnosticSource.Write[T](String name, T value)
   at Microsoft.Extensions.Hosting.HostBuilder.ResolveHost(IServiceProvider serviceProvider, DiagnosticListener diagnosticListener)
   at Microsoft.Extensions.Hosting.HostApplicationBuilder.Build()
   at Microsoft.AspNetCore.Builder.WebApplicationBuilder.Build()
   at Program.<Main>$(String[] args) in /Users/preetamtonyj/Documents/Capstone Project/HospitalManagement.API/Program.cs:line 172
2026-06-03 17:28:18.869 +05:30 [WRN] Redis connection string not found. Falling back to In-Memory Distributed Cache. {}
2026-06-03 17:28:19.402 +05:30 [WRN] Sensitive data logging is enabled. Log entries and exception messages may include sensitive application data; this mode should only be enabled during development. {"EventId":{"Id":10400,"Name":"Microsoft.EntityFrameworkCore.Infrastructure.SensitiveDataLoggingEnabledWarning"},"SourceContext":"Microsoft.EntityFrameworkCore.Model.Validation"}
2026-06-03 17:28:19.759 +05:30 [INF] Hospital Management API starting on  {}
2026-06-03 17:28:19.794 +05:30 [INF] Now listening on: http://localhost:5090 {"EventId":{"Id":14,"Name":"ListeningOnAddress"},"SourceContext":"Microsoft.Hosting.Lifetime"}
2026-06-03 17:28:19.795 +05:30 [INF] Application started. Press Ctrl+C to shut down. {"SourceContext":"Microsoft.Hosting.Lifetime"}
2026-06-03 17:28:19.795 +05:30 [INF] Hosting environment: Development {"SourceContext":"Microsoft.Hosting.Lifetime"}
2026-06-03 17:28:19.795 +05:30 [INF] Content root path: /Users/preetamtonyj/Documents/Capstone Project/HospitalManagement.API {"SourceContext":"Microsoft.Hosting.Lifetime"}
2026-06-03 17:29:09.648 +05:30 [WRN] Failed to determine the https port for redirect. {"EventId":{"Id":3,"Name":"FailedToDeterminePort"},"SourceContext":"Microsoft.AspNetCore.HttpsPolicy.HttpsRedirectionMiddleware","RequestId":"0HNM1CTNCSMBT:00000003","RequestPath":"/api/auth/login","ConnectionId":"0HNM1CTNCSMBT"}
2026-06-03 17:29:09.892 +05:30 [ERR] HTTP POST /api/auth/login responded 500 in 245.0580 ms {"SourceContext":"Serilog.AspNetCore.RequestLoggingMiddleware","RequestId":"0HNM1CTNCSMBT:00000003","ConnectionId":"0HNM1CTNCSMBT"}
HospitalManagement.DataAccess.Exceptions.NotFoundException: User with identifier 'tony@gmail.com' was not found.
   at HospitalManagement.BusinessLogic.Services.AuthService.LoginAsync(LoginRequestDto request, CancellationToken ct) in /Users/preetamtonyj/Documents/Capstone Project/HospitalManagement.BusinessLogic/Services/AuthService.cs:line 37
   at HospitalManagement.Presentation.Controllers.AuthController.Login(LoginRequestDto request, CancellationToken ct) in /Users/preetamtonyj/Documents/Capstone Project/HospitalManagement.API/Controllers/AuthController.cs:line 33
   at Microsoft.AspNetCore.Mvc.Infrastructure.ActionMethodExecutor.TaskOfIActionResultExecutor.Execute(ActionContext actionContext, IActionResultTypeMapper mapper, ObjectMethodExecutor executor, Object controller, Object[] arguments)
   at Microsoft.AspNetCore.Mvc.Infrastructure.ControllerActionInvoker.<InvokeActionMethodAsync>g__Awaited|12_0(ControllerActionInvoker invoker, ValueTask`1 actionResultValueTask)
   at Microsoft.AspNetCore.Mvc.Infrastructure.ControllerActionInvoker.<InvokeNextActionFilterAsync>g__Awaited|10_0(ControllerActionInvoker invoker, Task lastTask, State next, Scope scope, Object state, Boolean isCompleted)
   at Microsoft.AspNetCore.Mvc.Infrastructure.ControllerActionInvoker.Rethrow(ActionExecutedContextSealed context)
   at Microsoft.AspNetCore.Mvc.Infrastructure.ControllerActionInvoker.Next(State& next, Scope& scope, Object& state, Boolean& isCompleted)
   at Microsoft.AspNetCore.Mvc.Infrastructure.ControllerActionInvoker.<InvokeInnerFilterAsync>g__Awaited|13_0(ControllerActionInvoker invoker, Task lastTask, State next, Scope scope, Object state, Boolean isCompleted)
   at Microsoft.AspNetCore.Mvc.Infrastructure.ResourceInvoker.<InvokeFilterPipelineAsync>g__Awaited|20_0(ResourceInvoker invoker, Task lastTask, State next, Scope scope, Object state, Boolean isCompleted)
   at Microsoft.AspNetCore.Mvc.Infrastructure.ResourceInvoker.<InvokeAsync>g__Awaited|17_0(ResourceInvoker invoker, Task task, IDisposable scope)
   at Microsoft.AspNetCore.Mvc.Infrastructure.ResourceInvoker.<InvokeAsync>g__Awaited|17_0(ResourceInvoker invoker, Task task, IDisposable scope)
   at Microsoft.AspNetCore.Authorization.AuthorizationMiddleware.Invoke(HttpContext context)
   at Microsoft.AspNetCore.Authentication.AuthenticationMiddleware.Invoke(HttpContext context)
   at Serilog.AspNetCore.RequestLoggingMiddleware.Invoke(HttpContext httpContext)
2026-06-03 17:29:09.906 +05:30 [INF] Handled exception [NOT_FOUND]: User with identifier 'tony@gmail.com' was not found. {"SourceContext":"HospitalManagement.Presentation.Middleware.GlobalExceptionMiddleware","RequestId":"0HNM1CTNCSMBT:00000003","RequestPath":"/api/auth/login","ConnectionId":"0HNM1CTNCSMBT"}
HospitalManagement.DataAccess.Exceptions.NotFoundException: User with identifier 'tony@gmail.com' was not found.
   at HospitalManagement.BusinessLogic.Services.AuthService.LoginAsync(LoginRequestDto request, CancellationToken ct) in /Users/preetamtonyj/Documents/Capstone Project/HospitalManagement.BusinessLogic/Services/AuthService.cs:line 37
   at HospitalManagement.Presentation.Controllers.AuthController.Login(LoginRequestDto request, CancellationToken ct) in /Users/preetamtonyj/Documents/Capstone Project/HospitalManagement.API/Controllers/AuthController.cs:line 33
   at Microsoft.AspNetCore.Mvc.Infrastructure.ActionMethodExecutor.TaskOfIActionResultExecutor.Execute(ActionContext actionContext, IActionResultTypeMapper mapper, ObjectMethodExecutor executor, Object controller, Object[] arguments)
   at Microsoft.AspNetCore.Mvc.Infrastructure.ControllerActionInvoker.<InvokeActionMethodAsync>g__Awaited|12_0(ControllerActionInvoker invoker, ValueTask`1 actionResultValueTask)
   at Microsoft.AspNetCore.Mvc.Infrastructure.ControllerActionInvoker.<InvokeNextActionFilterAsync>g__Awaited|10_0(ControllerActionInvoker invoker, Task lastTask, State next, Scope scope, Object state, Boolean isCompleted)
   at Microsoft.AspNetCore.Mvc.Infrastructure.ControllerActionInvoker.Rethrow(ActionExecutedContextSealed context)
   at Microsoft.AspNetCore.Mvc.Infrastructure.ControllerActionInvoker.Next(State& next, Scope& scope, Object& state, Boolean& isCompleted)
   at Microsoft.AspNetCore.Mvc.Infrastructure.ControllerActionInvoker.<InvokeInnerFilterAsync>g__Awaited|13_0(ControllerActionInvoker invoker, Task lastTask, State next, Scope scope, Object state, Boolean isCompleted)
   at Microsoft.AspNetCore.Mvc.Infrastructure.ResourceInvoker.<InvokeFilterPipelineAsync>g__Awaited|20_0(ResourceInvoker invoker, Task lastTask, State next, Scope scope, Object state, Boolean isCompleted)
   at Microsoft.AspNetCore.Mvc.Infrastructure.ResourceInvoker.<InvokeAsync>g__Awaited|17_0(ResourceInvoker invoker, Task task, IDisposable scope)
   at Microsoft.AspNetCore.Mvc.Infrastructure.ResourceInvoker.<InvokeAsync>g__Awaited|17_0(ResourceInvoker invoker, Task task, IDisposable scope)
   at Microsoft.AspNetCore.Authorization.AuthorizationMiddleware.Invoke(HttpContext context)
   at Microsoft.AspNetCore.Authentication.AuthenticationMiddleware.Invoke(HttpContext context)
   at Serilog.AspNetCore.RequestLoggingMiddleware.Invoke(HttpContext httpContext)
   at Swashbuckle.AspNetCore.SwaggerUI.SwaggerUIMiddleware.Invoke(HttpContext httpContext)
   at Swashbuckle.AspNetCore.Swagger.SwaggerMiddleware.Invoke(HttpContext httpContext, ISwaggerProvider swaggerProvider)
   at HospitalManagement.Presentation.Middleware.GlobalExceptionMiddleware.InvokeAsync(HttpContext context) in /Users/preetamtonyj/Documents/Capstone Project/HospitalManagement.API/Middleware/GlobalExceptionMiddleware.cs:line 34
2026-06-03 19:27:24.653 +05:30 [INF] Application is shutting down... {"SourceContext":"Microsoft.Hosting.Lifetime"}
2026-06-03 19:27:59.389 +05:30 [WRN] Redis connection string not found. Falling back to In-Memory Distributed Cache. {}
2026-06-03 19:27:59.448 +05:30 [FTL] Application terminated unexpectedly {}
Microsoft.Extensions.Hosting.HostAbortedException: The host was aborted.
   at Microsoft.Extensions.Hosting.HostFactoryResolver.HostingListener.ThrowHostAborted()
   at Microsoft.Extensions.Hosting.HostFactoryResolver.HostingListener.OnNext(KeyValuePair`2 value)
   at System.Diagnostics.DiagnosticListener.Write(String name, Object value)
   at System.Diagnostics.DiagnosticSource.Write[T](String name, T value)
   at Microsoft.Extensions.Hosting.HostBuilder.ResolveHost(IServiceProvider serviceProvider, DiagnosticListener diagnosticListener)
   at Microsoft.Extensions.Hosting.HostApplicationBuilder.Build()
   at Microsoft.AspNetCore.Builder.WebApplicationBuilder.Build()
   at Program.<Main>$(String[] args) in /Users/preetamtonyj/Documents/Capstone Project/HospitalManagement.API/Program.cs:line 173
2026-06-03 19:28:16.280 +05:30 [WRN] Redis connection string not found. Falling back to In-Memory Distributed Cache. {}
2026-06-03 19:28:16.339 +05:30 [FTL] Application terminated unexpectedly {}
Microsoft.Extensions.Hosting.HostAbortedException: The host was aborted.
   at Microsoft.Extensions.Hosting.HostFactoryResolver.HostingListener.ThrowHostAborted()
   at Microsoft.Extensions.Hosting.HostFactoryResolver.HostingListener.OnNext(KeyValuePair`2 value)
   at System.Diagnostics.DiagnosticListener.Write(String name, Object value)
   at System.Diagnostics.DiagnosticSource.Write[T](String name, T value)
   at Microsoft.Extensions.Hosting.HostBuilder.ResolveHost(IServiceProvider serviceProvider, DiagnosticListener diagnosticListener)
   at Microsoft.Extensions.Hosting.HostApplicationBuilder.Build()
   at Microsoft.AspNetCore.Builder.WebApplicationBuilder.Build()
   at Program.<Main>$(String[] args) in /Users/preetamtonyj/Documents/Capstone Project/HospitalManagement.API/Program.cs:line 173
2026-06-03 19:55:18.594 +05:30 [WRN] Redis connection string not found. Falling back to In-Memory Distributed Cache. {}
2026-06-03 19:55:19.128 +05:30 [WRN] Sensitive data logging is enabled. Log entries and exception messages may include sensitive application data; this mode should only be enabled during development. {"EventId":{"Id":10400,"Name":"Microsoft.EntityFrameworkCore.Infrastructure.SensitiveDataLoggingEnabledWarning"},"SourceContext":"Microsoft.EntityFrameworkCore.Model.Validation"}
2026-06-03 19:55:19.649 +05:30 [INF] Hospital Management API starting on  {}
2026-06-03 19:55:19.683 +05:30 [INF] Now listening on: http://localhost:5090 {"EventId":{"Id":14,"Name":"ListeningOnAddress"},"SourceContext":"Microsoft.Hosting.Lifetime"}
2026-06-03 19:55:19.684 +05:30 [INF] Application started. Press Ctrl+C to shut down. {"SourceContext":"Microsoft.Hosting.Lifetime"}
2026-06-03 19:55:19.684 +05:30 [INF] Hosting environment: Development {"SourceContext":"Microsoft.Hosting.Lifetime"}
2026-06-03 19:55:19.685 +05:30 [INF] Content root path: /Users/preetamtonyj/Documents/Capstone Project/HospitalManagement.API {"SourceContext":"Microsoft.Hosting.Lifetime"}
2026-06-03 20:18:42.187 +05:30 [WRN] Redis connection string not found. Falling back to In-Memory Distributed Cache. {}
2026-06-03 20:18:42.240 +05:30 [FTL] Application terminated unexpectedly {}
Microsoft.Extensions.Hosting.HostAbortedException: The host was aborted.
   at Microsoft.Extensions.Hosting.HostFactoryResolver.HostingListener.ThrowHostAborted()
   at Microsoft.Extensions.Hosting.HostFactoryResolver.HostingListener.OnNext(KeyValuePair`2 value)
   at System.Diagnostics.DiagnosticListener.Write(String name, Object value)
   at System.Diagnostics.DiagnosticSource.Write[T](String name, T value)
   at Microsoft.Extensions.Hosting.HostBuilder.ResolveHost(IServiceProvider serviceProvider, DiagnosticListener diagnosticListener)
   at Microsoft.Extensions.Hosting.HostApplicationBuilder.Build()
   at Microsoft.AspNetCore.Builder.WebApplicationBuilder.Build()
   at Program.<Main>$(String[] args) in /Users/preetamtonyj/Documents/Capstone Project/HospitalManagement.API/Program.cs:line 178
