2026-06-04 10:14:35.188 +05:30 [WRN] Redis connection string not found. Falling back to In-Memory Distributed Cache. {}
2026-06-04 10:14:35.460 +05:30 [FTL] Application terminated unexpectedly {}
Microsoft.Extensions.Hosting.HostAbortedException: The host was aborted.
   at Microsoft.Extensions.Hosting.HostFactoryResolver.HostingListener.ThrowHostAborted()
   at Microsoft.Extensions.Hosting.HostFactoryResolver.HostingListener.OnNext(KeyValuePair`2 value)
   at System.Diagnostics.DiagnosticListener.Write(String name, Object value)
   at System.Diagnostics.DiagnosticSource.Write[T](String name, T value)
   at Microsoft.Extensions.Hosting.HostBuilder.ResolveHost(IServiceProvider serviceProvider, DiagnosticListener diagnosticListener)
   at Microsoft.Extensions.Hosting.HostApplicationBuilder.Build()
   at Microsoft.AspNetCore.Builder.WebApplicationBuilder.Build()
   at Program.<Main>$(String[] args) in /Users/preetamtonyj/Documents/Capstone Project/HospitalManagement.API/Program.cs:line 189
2026-06-04 10:14:35.803 +05:30 [INF] Application is shutting down... {"SourceContext":"Microsoft.Hosting.Lifetime"}
2026-06-04 10:14:59.765 +05:30 [WRN] Redis connection string not found. Falling back to In-Memory Distributed Cache. {}
2026-06-04 10:14:59.820 +05:30 [FTL] Application terminated unexpectedly {}
Microsoft.Extensions.Hosting.HostAbortedException: The host was aborted.
   at Microsoft.Extensions.Hosting.HostFactoryResolver.HostingListener.ThrowHostAborted()
   at Microsoft.Extensions.Hosting.HostFactoryResolver.HostingListener.OnNext(KeyValuePair`2 value)
   at System.Diagnostics.DiagnosticListener.Write(String name, Object value)
   at System.Diagnostics.DiagnosticSource.Write[T](String name, T value)
   at Microsoft.Extensions.Hosting.HostBuilder.ResolveHost(IServiceProvider serviceProvider, DiagnosticListener diagnosticListener)
   at Microsoft.Extensions.Hosting.HostApplicationBuilder.Build()
   at Microsoft.AspNetCore.Builder.WebApplicationBuilder.Build()
   at Program.<Main>$(String[] args) in /Users/preetamtonyj/Documents/Capstone Project/HospitalManagement.API/Program.cs:line 189
2026-06-04 10:15:13.268 +05:30 [WRN] Redis connection string not found. Falling back to In-Memory Distributed Cache. {}
2026-06-04 10:15:13.326 +05:30 [FTL] Application terminated unexpectedly {}
Microsoft.Extensions.Hosting.HostAbortedException: The host was aborted.
   at Microsoft.Extensions.Hosting.HostFactoryResolver.HostingListener.ThrowHostAborted()
   at Microsoft.Extensions.Hosting.HostFactoryResolver.HostingListener.OnNext(KeyValuePair`2 value)
   at System.Diagnostics.DiagnosticListener.Write(String name, Object value)
   at System.Diagnostics.DiagnosticSource.Write[T](String name, T value)
   at Microsoft.Extensions.Hosting.HostBuilder.ResolveHost(IServiceProvider serviceProvider, DiagnosticListener diagnosticListener)
   at Microsoft.Extensions.Hosting.HostApplicationBuilder.Build()
   at Microsoft.AspNetCore.Builder.WebApplicationBuilder.Build()
   at Program.<Main>$(String[] args) in /Users/preetamtonyj/Documents/Capstone Project/HospitalManagement.API/Program.cs:line 189
2026-06-04 10:16:01.863 +05:30 [WRN] Redis connection string not found. Falling back to In-Memory Distributed Cache. {}
2026-06-04 10:16:01.921 +05:30 [FTL] Application terminated unexpectedly {}
Microsoft.Extensions.Hosting.HostAbortedException: The host was aborted.
   at Microsoft.Extensions.Hosting.HostFactoryResolver.HostingListener.ThrowHostAborted()
   at Microsoft.Extensions.Hosting.HostFactoryResolver.HostingListener.OnNext(KeyValuePair`2 value)
   at System.Diagnostics.DiagnosticListener.Write(String name, Object value)
   at System.Diagnostics.DiagnosticSource.Write[T](String name, T value)
   at Microsoft.Extensions.Hosting.HostBuilder.ResolveHost(IServiceProvider serviceProvider, DiagnosticListener diagnosticListener)
   at Microsoft.Extensions.Hosting.HostApplicationBuilder.Build()
   at Microsoft.AspNetCore.Builder.WebApplicationBuilder.Build()
   at Program.<Main>$(String[] args) in /Users/preetamtonyj/Documents/Capstone Project/HospitalManagement.API/Program.cs:line 189
2026-06-04 10:17:22.450 +05:30 [WRN] Redis connection string not found. Falling back to In-Memory Distributed Cache. {}
2026-06-04 10:17:23.030 +05:30 [WRN] Sensitive data logging is enabled. Log entries and exception messages may include sensitive application data; this mode should only be enabled during development. {"EventId":{"Id":10400,"Name":"Microsoft.EntityFrameworkCore.Infrastructure.SensitiveDataLoggingEnabledWarning"},"SourceContext":"Microsoft.EntityFrameworkCore.Model.Validation"}
2026-06-04 10:17:23.351 +05:30 [INF] Hospital Management API starting on  {}
2026-06-04 10:17:23.385 +05:30 [INF] Now listening on: http://localhost:5090 {"EventId":{"Id":14,"Name":"ListeningOnAddress"},"SourceContext":"Microsoft.Hosting.Lifetime"}
2026-06-04 10:17:23.386 +05:30 [INF] Application started. Press Ctrl+C to shut down. {"SourceContext":"Microsoft.Hosting.Lifetime"}
2026-06-04 10:17:23.386 +05:30 [INF] Hosting environment: Development {"SourceContext":"Microsoft.Hosting.Lifetime"}
2026-06-04 10:17:23.386 +05:30 [INF] Content root path: /Users/preetamtonyj/Documents/Capstone Project/HospitalManagement.API {"SourceContext":"Microsoft.Hosting.Lifetime"}
2026-06-04 11:35:36.878 +05:30 [INF] Application is shutting down... {"SourceContext":"Microsoft.Hosting.Lifetime"}
 {}
2026-06-04 10:31:21.171 +05:30 [FTL] Application terminated unexpectedly {}
Microsoft.Extensions.Hosting.HostAbortedException: The host was aborted.
   at Microsoft.Extensions.Hosting.HostFactoryResolver.HostingListener.ThrowHostAborted()
   at Microsoft.Extensions.Hosting.HostFactoryResolver.HostingListener.OnNext(KeyValuePair`2 value)
   at System.Diagnostics.DiagnosticListener.Write(String name, Object value)
   at System.Diagnostics.DiagnosticSource.Write[T](String name, T value)
   at Microsoft.Extensions.Hosting.HostBuilder.ResolveHost(IServiceProvider serviceProvider, DiagnosticListener diagnosticListener)
   at Microsoft.Extensions.Hosting.HostApplicationBuilder.Build()
   at Microsoft.AspNetCore.Builder.WebApplicationBuilder.Build()
   at Program.<Main>$(String[] args) in /Users/preetamtonyj/Documents/Capstone Project/HospitalManagement.API/Program.cs:line 189
2026-06-04 10:31:34.666 +05:30 [WRN] Redis connection string not found. Falling back to In-Memory Distributed Cache. {}
2026-06-04 10:31:34.719 +05:30 [FTL] Application terminated unexpectedly {}
Microsoft.Extensions.Hosting.HostAbortedException: The host was aborted.
   at Microsoft.Extensions.Hosting.HostFactoryResolver.HostingListener.ThrowHostAborted()
   at Microsoft.Extensions.Hosting.HostFactoryResolver.HostingListener.OnNext(KeyValuePair`2 value)
   at System.Diagnostics.DiagnosticListener.Write(String name, Object value)
   at System.Diagnostics.DiagnosticSource.Write[T](String name, T value)
   at Microsoft.Extensions.Hosting.HostBuilder.ResolveHost(IServiceProvider serviceProvider, DiagnosticListener diagnosticListener)
   at Microsoft.Extensions.Hosting.HostApplicationBuilder.Build()
   at Microsoft.AspNetCore.Builder.WebApplicationBuilder.Build()
   at Program.<Main>$(String[] args) in /Users/preetamtonyj/Documents/Capstone Project/HospitalManagement.API/Program.cs:line 189
2026-06-04 10:47:27.834 +05:30 [WRN] Redis connection string not found. Falling back to In-Memory Distributed Cache. {}
2026-06-04 10:47:27.886 +05:30 [FTL] Application terminated unexpectedly {}
Microsoft.Extensions.Hosting.HostAbortedException: The host was aborted.
   at Microsoft.Extensions.Hosting.HostFactoryResolver.HostingListener.ThrowHostAborted()
   at Microsoft.Extensions.Hosting.HostFactoryResolver.HostingListener.OnNext(KeyValuePair`2 value)
   at System.Diagnostics.DiagnosticListener.Write(String name, Object value)
   at System.Diagnostics.DiagnosticSource.Write[T](String name, T value)
   at Microsoft.Extensions.Hosting.HostBuilder.ResolveHost(IServiceProvider serviceProvider, DiagnosticListener diagnosticListener)
   at Microsoft.Extensions.Hosting.HostApplicationBuilder.Build()
   at Microsoft.AspNetCore.Builder.WebApplicationBuilder.Build()
   at Program.<Main>$(String[] args) in /Users/preetamtonyj/Documents/Capstone Project/HospitalManagement.API/Program.cs:line 189
2026-06-04 10:47:50.948 +05:30 [WRN] Redis connection string not found. Falling back to In-Memory Distributed Cache. {}
2026-06-04 10:47:51.001 +05:30 [FTL] Application terminated unexpectedly {}
Microsoft.Extensions.Hosting.HostAbortedException: The host was aborted.
   at Microsoft.Extensions.Hosting.HostFactoryResolver.HostingListener.ThrowHostAborted()
   at Microsoft.Extensions.Hosting.HostFactoryResolver.HostingListener.OnNext(KeyValuePair`2 value)
   at System.Diagnostics.DiagnosticListener.Write(String name, Object value)
   at System.Diagnostics.DiagnosticSource.Write[T](String name, T value)
   at Microsoft.Extensions.Hosting.HostBuilder.ResolveHost(IServiceProvider serviceProvider, DiagnosticListener diagnosticListener)
   at Microsoft.Extensions.Hosting.HostApplicationBuilder.Build()
   at Microsoft.AspNetCore.Builder.WebApplicationBuilder.Build()
   at Program.<Main>$(String[] args) in /Users/preetamtonyj/Documents/Capstone Project/HospitalManagement.API/Program.cs:line 189
2026-06-04 11:20:15.886 +05:30 [WRN] Redis connection string not found. Falling back to In-Memory Distributed Cache. {}
2026-06-04 11:20:15.944 +05:30 [FTL] Application terminated unexpectedly {}
Microsoft.Extensions.Hosting.HostAbortedException: The host was aborted.
   at Microsoft.Extensions.Hosting.HostFactoryResolver.HostingListener.ThrowHostAborted()
   at Microsoft.Extensions.Hosting.HostFactoryResolver.HostingListener.OnNext(KeyValuePair`2 value)
   at System.Diagnostics.DiagnosticListener.Write(String name, Object value)
   at System.Diagnostics.DiagnosticSource.Write[T](String name, T value)
   at Microsoft.Extensions.Hosting.HostBuilder.ResolveHost(IServiceProvider serviceProvider, DiagnosticListener diagnosticListener)
   at Microsoft.Extensions.Hosting.HostApplicationBuilder.Build()
   at Microsoft.AspNetCore.Builder.WebApplicationBuilder.Build()
   at Program.<Main>$(String[] args) in /Users/preetamtonyj/Documents/Capstone Project/HospitalManagement.API/Program.cs:line 189
2026-06-04 11:20:30.774 +05:30 [WRN] Redis connection string not found. Falling back to In-Memory Distributed Cache. {}
2026-06-04 11:20:30.828 +05:30 [FTL] Application terminated unexpectedly {}
Microsoft.Extensions.Hosting.HostAbortedException: The host was aborted.
   at Microsoft.Extensions.Hosting.HostFactoryResolver.HostingListener.ThrowHostAborted()
   at Microsoft.Extensions.Hosting.HostFactoryResolver.HostingListener.OnNext(KeyValuePair`2 value)
   at System.Diagnostics.DiagnosticListener.Write(String name, Object value)
   at System.Diagnostics.DiagnosticSource.Write[T](String name, T value)
   at Microsoft.Extensions.Hosting.HostBuilder.ResolveHost(IServiceProvider serviceProvider, DiagnosticListener diagnosticListener)
   at Microsoft.Extensions.Hosting.HostApplicationBuilder.Build()
   at Microsoft.AspNetCore.Builder.WebApplicationBuilder.Build()
   at Program.<Main>$(String[] args) in /Users/preetamtonyj/Documents/Capstone Project/HospitalManagement.API/Program.cs:line 189
2026-06-04 11:35:45.149 +05:30 [WRN] Redis connection string not found. Falling back to In-Memory Distributed Cache. {}
2026-06-04 11:35:45.698 +05:30 [WRN] Sensitive data logging is enabled. Log entries and exception messages may include sensitive application data; this mode should only be enabled during development. {"EventId":{"Id":10400,"Name":"Microsoft.EntityFrameworkCore.Infrastructure.SensitiveDataLoggingEnabledWarning"},"SourceContext":"Microsoft.EntityFrameworkCore.Model.Validation"}
2026-06-04 11:35:46.058 +05:30 [INF] Hospital Management API starting on  {}
2026-06-04 11:35:46.097 +05:30 [INF] Now listening on: http://localhost:5090 {"EventId":{"Id":14,"Name":"ListeningOnAddress"},"SourceContext":"Microsoft.Hosting.Lifetime"}
2026-06-04 11:35:46.098 +05:30 [INF] Application started. Press Ctrl+C to shut down. {"SourceContext":"Microsoft.Hosting.Lifetime"}
2026-06-04 11:35:46.099 +05:30 [INF] Hosting environment: Development {"SourceContext":"Microsoft.Hosting.Lifetime"}
2026-06-04 11:35:46.099 +05:30 [INF] Content root path: /Users/preetamtonyj/Documents/Capstone Project/HospitalManagement.API {"SourceContext":"Microsoft.Hosting.Lifetime"}
2026-06-04 11:44:48.719 +05:30 [INF] Application is shutting down... {"SourceContext":"Microsoft.Hosting.Lifetime"}
